#
# There is insufficient memory for the Java Runtime Environment to continue.
# Native memory allocation (mmap) failed to map 132120576 bytes for G1 virtual space
# Possible reasons:
#   The system is out of physical RAM or swap space
#   The process is running with CompressedOops enabled, and the Java Heap may be blocking the growth of the native heap
# Possible solutions:
#   Reduce memory load on the system
#   Increase physical memory or swap space
#   Check if swap backing store is full
#   Decrease Java heap size (-Xmx/-Xms)
#   Decrease number of Java threads
#   Decrease Java thread stack sizes (-Xss)
#   Set larger code cache with -XX:ReservedCodeCacheSize=
#   JVM is running with Unscaled Compressed Oops mode in which the Java heap is
#     placed in the first 4GB address space. The Java Heap base address is the
#     maximum limit for the native heap growth. Please use -XX:HeapBaseMinAddress
#     to set the Java Heap base and to place the Java Heap above 4GB virtual address.
# This output file may be truncated or incomplete.
#
#  Out of Memory Error (os_windows.cpp:3530), pid=116656, tid=109208
#
# JRE version:  (18.0.1.1+2) (build )
# Java VM: Java HotSpot(TM) 64-Bit Server VM (18.0.1.1+2-6, mixed mode, emulated-client, sharing, tiered, compressed oops, compressed class ptrs, g1 gc, windows-amd64)
# No core dump will be written. Minidumps are not enabled by default on client versions of Windows
#

---------------  S U M M A R Y ------------

Command Line: -XX:TieredStopAtLevel=1 -Dspring.output.ansi.enabled=always -Dcom.sun.management.jmxremote -Dspring.jmx.enabled=true -Dspring.liveBeansView.mbeanDomain -Dspring.application.admin.enabled=true -Dmanagement.endpoints.jmx.exposure.include=* -javaagent:C:\Program Files\JetBrains\IntelliJ IDEA 2022.3.3\lib\idea_rt.jar=60984:C:\Program Files\JetBrains\IntelliJ IDEA 2022.3.3\bin -Dfile.encoding=UTF-8 -Dsun.stdout.encoding=UTF-8 -Dsun.stderr.encoding=UTF-8 com.example.crm_amosys_orass.CrmAmosysOrassApplication

Host: Intel(R) Core(TM) i3-1005G1 CPU @ 1.20GHz, 4 cores, 7G,  Windows 10 , 64 bit Build 19041 (10.0.19041.2913)
Time: Thu May 25 19:31:13 2023 Paris, Madrid (heure duild 19041 (10.0.19041.2913) elapsed time: 0.022080 seconds (0d 0h 0m 0s)

---------------  T H R E A D  ---------------

Current thread (0x000001f255806040):  JavaThread "Unknown thread" [_thread_in_vm, id=109208, stack(0x000000b92ab00000,0x000000b92ac00000)]

Stack: [0x000000b92ab00000,0x000000b92ac00000]
Native frames: (J=compiled Java code, j=interpreted, Vv=VM code, C=native code)
V  [jvm.dll+0x69887a]
V  [jvm.dll+0x7f38bd]
V  [jvm.dll+0x7f51ce]
V  [jvm.dll+0x7f5883]
V  [jvm.dll+0x25ca3f]
V  [jvm.dll+0x6957c9]
V  [jvm.dll+0x68a2fa]
V  [jvm.dll+0x321efb]
V  [jvm.dll+0x3298d6]
V  [jvm.dll+0x37e47e]
V  [jvm.dll+0x37e6af]
V  [jvm.dll+0x2f9c7a]
V  [jvm.dll+0x2facdd]
V  [jvm.dll+0x7c24f0]
V  [jvm.dll+0x38b801]
V  [jvm.dll+0x7a1203]
V  [jvm.dll+0x40d6bf]
V  [jvm.dll+0x40f091]
C  [jli.dll+0x526b]
C  [ucrtbase.dll+0x21bb2]
C  [KERNEL32.DLL+0x17614]
C  [ntdll.dll+0x526a1]


---------------  P R O C E S S  ---------------

Threads class SMR info:
_java_thread_list=0x00007ffbe4fcd550, length=0, elements={
}

Java Threads: ( => current thread )

Other Threads:
  0x000001f255862e80 WorkerThread "GC Thread#0" [stack: 0x000000b92ac00000,0x000000b92ad00000] [id=11772]
  0x000001f2558756a0 ConcurrentGCThread "G1 Main Marker" [stack: 0x000000b92ad00000,0x000000b92ae00000] [id=107968]
  0x000001f255877750 WorkerThread "G1 Conc#0" [stack: 0x000000b92ae00000,0x000000b92af00000] [id=103316]

[error occurred during error reporting (printing all threads), id 0xc0000005, EXCEPTION_ACCESS_VIOLATION (0xc0000005) at pc=0x00007ffbe47fa217]

VM state: not at safepoint (not fully initialized)

VM Mutex/Monitor currently owned by a thread:  ([mutex/lock_event])
[0x000001f255802350] Heap_lock - owner thread: 0x000001f255806040

Heap address: 0x0000000083200000, size: 1998 MB, Compressed Oops mode: 32-bit

CDS archive(s) mapped at: [0x0000000000000000-0x0000000000000000-0x0000000000000000), size 0, SharedBaseAddress: 0x0000000800000000, ArchiveRelocationMode: 0.
Narrow klass base: 0x0000000000000000, Narrow klass shift: 0, Narrow klass range: 0x0

GC Precious Log:
 CardTable entry size: 512
 Card Set container configuration: InlinePtr #cards 5 size 8 Array Of Cards #cards 12 size 40 Howl #buckets 4 coarsen threshold 1843 Howl Bitmap #cards 512 size 80 coarsen threshold 460 Card regions per heap region 1 cards per card region 2048

Heap:
 garbage-first heap   total 0K, used 0K [0x0000000083200000, 0x0000000100000000)
  region size 1024K, 0 young (0K), 0 survivors (0K)

[error occurred during error reporting (printing heap information), id 0xc0000005, EXCEPTION_ACCESS_VIOLATION (0xc0000005) at pc=0x00007ffbe4be0cb9]

GC Heap History (0 events):
No events

Deoptimization events (0 events):
No events

Classes loaded (0 events):
No events

Classes unloaded (0 events):
No events

Classes redefined (0 events):
No events

Internal exceptions (0 events):
No events

VM Operations (0 events):
No events

Events (1 events):
Event: 0.016 Loaded shared library C:\Program Files\Java\jdk-18.0.1.1\bin\java.dll


Dynamic libraries:
0x00007ff673e50000 - 0x00007ff673e60000 	C:\Program Files\Java\jdk-18.0.1.1\bin\java.exe
0x00007ffc34a70000 - 0x00007ffc34c68000 	C:\WINDOWS\SYSTEM32\ntdll.dll
0x00007ffc33480000 - 0x00007ffc3353f000 	C:\WINDOWS\System32\KERNEL32.DLL
0x00007ffc326d0000 - 0x00007ffc329c6000 	C:\WINDOWS\System32\KERNELBASE.dll
0x00007ffc324d0000 - 0x00007ffc325d0000 	C:\WINDOWS\System32\ucrtbase.dll
0x00007ffc2ade0000 - 0x00007ffc2adfa000 	C:\Program Files\Java\jdk-18.0.1.1\bin\VCRUNTIME140.dll
0x00007ffc29f50000 - 0x00007ffc29f68000 	C:\Program Files\Java\jdk-18.0.1.1\bin\jli.dll
0x00007ffc32d30000 - 0x00007ffc32ddf000 	C:\WINDOWS\System32\ADVAPI32.dll
0x00007ffc344f0000 - 0x00007ffc3458e000 	C:\WINDOWS\System32\msvcrt.dll
0x00007ffc33540000 - 0x00007ffc335dc000 	C:\WINDOWS\System32\sechost.dll
0x00007ffc33f40000 - 0x00007ffc34066000 	C:\WINDOWS\System32\RPCRT4.dll
0x00007ffc33100000 - 0x00007ffc3329d000 	C:\WINDOWS\System32\USER32.dll
0x00007ffc32b00000 - 0x00007ffc32b22000 	C:\WINDOWS\System32\win32u.dll
0x00007ffc32c50000 - 0x00007ffc32c7c000 	C:\WINDOWS\System32\GDI32.dll
0x00007ffc323b0000 - 0x00007ffc324c5000 	C:\WINDOWS\System32\gdi32full.dll
0x00007ffc329d0000 - 0x00007ffc32a6d000 	C:\WINDOWS\System32\msvcp_win.dll
0x00007ffbff000000 - 0x00007ffbff29a000 	C:\WINDOWS\WinSxS\amd64_microsoft.windows.common-controls_6595b64144ccf1df_6.0.19041.1110_none_60b5254171f9507e\COMCTL32.dll
0x00007ffc2b150000 - 0x00007ffc2b15a000 	C:\WINDOWS\SYSTEM32\VERSION.dll
0x00007ffc32f20000 - 0x00007ffc32f50000 	C:\WINDOWS\System32\IMM32.DLL
0x00007ffc2add0000 - 0x00007ffc2addc000 	C:\Program Files\Java\jdk-18.0.1.1\bin\vcruntime140_1.dll
0x00007ffc222a0000 - 0x00007ffc2232d000 	C:\Program Files\Java\jdk-18.0.1.1\bin\msvcp140.dll
0x00007ffbe44f0000 - 0x00007ffbe5100000 	C:\Program Files\Java\jdk-18.0.1.1\bin\server\jvm.dll
0x00007ffc19a00000 - 0x00007ffc19a09000 	C:\WINDOWS\SYSTEM32\WSOCK32.dll
0x00007ffc1c4b0000 - 0x00007ffc1c4d7000 	C:\WINDOWS\SYSTEM32\WINMM.dll
0x00007ffc32de0000 - 0x00007ffc32e4b000 	C:\WINDOWS\System32\WS2_32.dll
0x00007ffc34070000 - 0x00007ffc34078000 	C:\WINDOWS\System32\PSAPI.DLL
0x00007ffc309f0000 - 0x00007ffc30a02000 	C:\WINDOWS\SYSTEM32\kernel.appcore.dll
0x00007ffc29f40000 - 0x00007ffc29f4a000 	C:\Program Files\Java\jdk-18.0.1.1\bin\jimage.dll
0x00007ffc2fe10000 - 0x00007ffc2fff4000 	C:\WINDOWS\SYSTEM32\DBGHELP.DLL
0x00007ffc1b030000 - 0x00007ffc1b064000 	C:\WINDOWS\SYSTEM32\dbgcore.DLL
0x00007ffc32a70000 - 0x00007ffc32af2000 	C:\WINDOWS\System32\bcryptPrimitives.dll
0x00007ffc2bb30000 - 0x00007ffc2bb3e000 	C:\Program Files\Java\jdk-18.0.1.1\bin\instrument.dll
0x00007ffc29f10000 - 0x00007ffc29f35000 	C:\Program Files\Java\jdk-18.0.1.1\bin\java.dll

dbghelp: loaded successfully - version: 4.0.5 - missing functions: none
symbol engine: initialized successfully - sym options: 0x614 - pdb path: .;C:\Program Files\Java\jdk-18.0.1.1\bin;C:\WINDOWS\SYSTEM32;C:\WINDOWS\WinSxS\amd64_microsoft.windows.common-controls_6595b64144ccf1df_6.0.19041.1110_none_60b5254171f9507e;C:\Program Files\Java\jdk-18.0.1.1\bin\server

VM Arguments:
jvm_args: -XX:TieredStopAtLevel=1 -Dspring.output.ansi.enabled=always -Dcom.sun.management.jmxremote -Dspring.jmx.enabled=true -Dspring.liveBeansView.mbeanDomain -Dspring.application.admin.enabled=true -Dmanagement.endpoints.jmx.exposure.include=* -javaagent:C:\Program Files\JetBrains\IntelliJ IDEA 2022.3.3\lib\idea_rt.jar=60984:C:\Program Files\JetBrains\IntelliJ IDEA 2022.3.3\bin -Dfile.encoding=UTF-8 -Dsun.stdout.encoding=UTF-8 -Dsun.stderr.encoding=UTF-8 
java_command: com.example.crm_amosys_orass.CrmAmosysOrassApplication
java_class_path (initial): C:\Users\Raja BEN BOURCH\Desktop\crm_amosys_orass\target\classes;C:\Users\Raja BEN BOURCH\.m2\repository\org\springframework\boot\spring-boot-starter-data-jpa\3.0.5\spring-boot-starter-data-jpa-3.0.5.jar;C:\Users\Raja BEN BOURCH\.m2\repository\org\springframework\boot\spring-boot-starter-aop\3.0.5\spring-boot-starter-aop-3.0.5.jar;C:\Users\Raja BEN BOURCH\.m2\repository\org\springframework\spring-aop\6.0.7\spring-aop-6.0.7.jar;C:\Users\Raja BEN BOURCH\.m2\repository\org\aspectj\aspectjweaver\1.9.19\aspectjweaver-1.9.19.jar;C:\Users\Raja BEN BOURCH\.m2\repository\org\springframework\boot\spring-boot-starter-jdbc\3.0.5\spring-boot-starter-jdbc-3.0.5.jar;C:\Users\Raja BEN BOURCH\.m2\repository\com\zaxxer\HikariCP\5.0.1\HikariCP-5.0.1.jar;C:\Users\Raja BEN BOURCH\.m2\repository\org\springframework\spring-jdbc\6.0.7\spring-jdbc-6.0.7.jar;C:\Users\Raja BEN BOURCH\.m2\repository\org\hibernate\orm\hibernate-core\6.1.7.Final\hibernate-core-6.1.7.Final.jar;C:\Users\Raja BEN BOURCH\.m2\repository\jakarta\persistence\jakarta.persistence-api\3.1.0\jakarta.persistence-api-3.1.0.jar;C:\Users\Raja BEN BOURCH\.m2\repository\jakarta\transaction\jakarta.transaction-api\2.0.1\jakarta.transaction-api-2.0.1.jar;C:\Users\Raja BEN BOURCH\.m2\repository\org\jboss\logging\jboss-logging\3.5.0.Final\jboss-logging-3.5.0.Final.jar;C:\Users\Raja BEN BOURCH\.m2\repository\org\hibernate\common\hibernate-commons-annotations\6.0.6.Final\hibernate-commons-annotations-6.0.6.Final.jar;C:\Users\Raja BEN BOURCH\.m2\repository\org\jboss\jandex\2.4.2.Final\jandex-2.4.2.Final.jar;C:\Users\Raja BEN BOURCH\.m2\repository\com\fasterxml\classmate\1.5.1\classmate-1.5.1.jar;C:\Users\Raja BEN BOURCH\.m2\repository\net\bytebuddy\byte-buddy\1.12.23\byte-buddy-1.12.23.jar;C:\Users\Raja BEN BOURCH\.m2\repository\org\glassfish\jaxb\jaxb-runtime\4.0.2\jaxb-runtime-4.0.2.jar;C:\Users\Raja BEN BOURCH\.m2\repository\org\glassfish\jaxb\jaxb-core\4.0.2\jaxb-core-4.0.2.jar;C:\Users\Raja BEN BOURCH\.m2\repository\org\eclipse\angus\angus-activation\2.0.0\angus-activation-2.0.0.jar;C:\Users\Raja BEN BOURCH\.m2\repository\org\glassfish\jaxb\txw2\4.0.2\txw2-4.0.2.jar;C:\Users\Raja BEN BOURCH\.m2\repository\com\sun\istack\istack-commons-runtime\4.1.1\istack-commons-runtime-4.1.1.jar;C:\Users\Raja BEN BOURCH\.m2\repository\jakarta\inject\jakarta.inject-api\2.0.0\jakarta.inject-api-2.0.0.jar;C:\Users\Raja BEN BOURCH\.m2\repository\org\antlr\antlr4-runtime\4.10.1\antlr4-runtime-4.10.1.jar;C:\Users\Raja BEN BOURCH\.m2\repository\org\springframework\data\spring-data-jpa\3.0.4\spring-data-jpa-3.0.4.jar;C:\Users\Raja BEN BOURCH\.m2\repository\org\springframework\data\spring-data-commons\3.0.4\spring-data-commons-3.0.4.jar;C:\Users\Raja BEN BOURCH\.m2\repository\org\springframework\spring-orm\6.0.7\spring-orm-6.0.7.jar;C:\Users\Raja BEN BOURCH\.m2\repository\org\springframework\spring-context\6.0.7\spring-context-6.0.7.jar;C:\Users\Raja BEN BOURCH\.m2\repository\org\springframework\spring-expression\6.0.7\spring-expression-6.0.7.jar;C:\Users\Raja BEN BOURCH\.m2\repository\org\springframework\spring-tx\6.0.7\spring-tx-6.0.7.jar;C:\Users\Raja BEN BOURCH\.m2\repository\org\springframework\spring-beans\6.0.7\spring-beans-6.0.7.jar;C:\Users\Raja BEN BOURCH\.m2\repository\jakarta\annotation\jakarta.annotation-api\2.1.1\jakarta.annotation-api-2.1.1.jar;C:\Users\Raja BEN BOURCH\.m2\repository\org\slf4j\slf4j-api\2.0.7\slf4j-api-2.0.7.jar;C:\Users\Raja BEN BOURCH\.m2\repository\org\springframework\spring-aspects\6.0.7\spring-aspects-6.0.7.jar;C:\Users\Raja BEN BOURCH\.m2\repository\org\springframework\boot\spring-boot-starter-data-rest\3.0.5\spring-boot-starter-data-rest-3.0.5.jar;C:\Users\Raja BEN BOURCH\.m2\repository\org\springframework\boot\spring-boot-starter-web\3.0.5\spring-boot-starter-web-3.0.5.jar;C:\Users\Raja BEN BOURCH\.m2\repository\org\springframework\boot\spring-boot-starter-tomcat\3.0.5\spring-boot-starter-tomcat-3.0.5.jar;C:\Users\Raja BEN BOURCH\.m2\repository\org\apache\tomcat\embed\tomcat-embed-core\10.1.7\tomcat-embed-core-10.1.7.jar;C:\Users\Raja BEN BOURCH\.m2\repository\org\apache\tomcat\embed\tomcat-embed-el\10.1.7\tomcat-embed-el-10.1.7.jar;C:\Users\Raja BEN BOURCH\.m2\repository\org\apache\tomcat\embed\tomcat-embed-websocket\10.1.7\tomcat-embed-websocket-10.1.7.jar;C:\Users\Raja BEN BOURCH\.m2\repository\org\springframework\spring-webmvc\6.0.7\spring-webmvc-6.0.7.jar;C:\Users\Raja BEN BOURCH\.m2\repository\org\springframework\data\spring-data-rest-webmvc\4.0.4\spring-data-rest-webmvc-4.0.4.jar;C:\Users\Raja BEN BOURCH\.m2\repository\org\springframework\data\spring-data-rest-core\4.0.4\spring-data-rest-core-4.0.4.jar;C:\Users\Raja BEN BOURCH\.m2\repository\org\springframework\hateoas\spring-hateoas\2.0.3\spring-hateoas-2.0.3.jar;C:\Users\Raja BEN BOURCH\.m2\repository\org\springframework\plugin\spring-plugin-core\3.0.0\spring-plugin-core-3.0.0.jar;C:\Users\Raja BEN BOURCH\.m2\repository\org\atteo\evo-inflector\1.3\evo-inflector-1.3.jar;C:\Users\Raja BEN BOURCH\.m2\repository\com\fasterxml\jackson\core\jackson-databind\2.14.2\jackson-databind-2.14.2.jar;C:\Users\Raja BEN BOURCH\.m2\repository\com\fasterxml\jackson\core\jackson-core\2.14.2\jackson-core-2.14.2.jar;C:\Users\Raja BEN BOURCH\.m2\repository\com\fasterxml\jackson\core\jackson-annotations\2.14.2\jackson-annotations-2.14.2.jar;C:\Users\Raja BEN BOURCH\.m2\repository\org\springframework\boot\spring-boot-starter-webflux\3.0.5\spring-boot-starter-webflux-3.0.5.jar;C:\Users\Raja BEN BOURCH\.m2\repository\org\springframework\boot\spring-boot-starter\3.0.5\spring-boot-starter-3.0.5.jar;C:\Users\Raja BEN BOURCH\.m2\repository\org\springframework\boot\spring-boot\3.0.5\spring-boot-3.0.5.jar;C:\Users\Raja BEN BOURCH\.m2\repository\org\springframework\boot\spring-boot-autoconfigure\3.0.5\spring-boot-autoconfigure-3.0.5.jar;C:\Users\Raja BEN BOURCH\.m2\repository\org\springframework\boot\spring-boot-starter-logging\3.0.5\spring-boot-starter-logging-3.0.5.jar;C:\Users\Raja BEN BOURCH\.m2\repository\ch\qos\logback\logback-classic\1.4.6\logback-classic-1.4.6.jar;C:\Users\Raja BEN BOURCH\.m2\repository\ch\qos\logback\logback-core\1.4.6\logback-core-1.4.6.jar;C:\Users\Raja BEN BOURCH\.m2\repository\org\apache\logging\log4j\log4j-to-slf4j\2.19.0\log4j-to-slf4j-2.19.0.jar;C:\Users\Raja BEN BOURCH\.m2\repository\org\apache\logging\log4j\log4j-api\2.19.0\log4j-api-2.19.0.jar;C:\Users\Raja BEN BOURCH\.m2\repository\org\slf4j\jul-to-slf4j\2.0.7\jul-to-slf4j-2.0.7.jar;C:\Users\Raja BEN BOURCH\.m2\repository\org\yaml\snakeyaml\1.33\snakeyaml-1.33.jar;C:\Users\Raja BEN BOURCH\.m2\repository\org\springframework\boot\spring-boot-starter-json\3.0.5\spring-boot-starter-json-3.0.5.jar;C:\Users\Raja BEN BOURCH\.m2\repository\com\fasterxml\jackson\datatype\jackson-datatype-jdk8\2.14.2\jackson-datatype-jdk8-2.14.2.jar;C:\Users\Raja BEN BOURCH\.m2\repository\com\fasterxml\jackson\datatype\jackson-datatype-jsr310\2.14.2\jackson-datatype-jsr310-2.14.2.jar;C:\Users\Raja BEN BOURCH\.m2\repository\com\fasterxml\jackson\module\jackson-module-parameter-names\2.14.2\jackson-module-parameter-names-2.14.2.jar;C:\Users\Raja BEN BOURCH\.m2\repository\org\springframework\boot\spring-boot-starter-reactor-netty\3.0.5\spring-boot-starter-reactor-netty-3.0.5.jar;C:\Users\Raja BEN BOURCH\.m2\repository\io\projectreactor\netty\reactor-netty-http\1.1.5\reactor-netty-http-1.1.5.jar;C:\Users\Raja BEN BOURCH\.m2\repository\io\netty\netty-codec-http\4.1.90.Final\netty-codec-http-4.1.90.Final.jar;C:\Users\Raja BEN BOURCH\.m2\repository\io\netty\netty-common\4.1.90.Final\netty-common-4.1.90.Final.jar;C:\Users\Raja BEN BOURCH\.m2\repository\io\netty\netty-buffer\4.1.90.Final\netty-buffer-4.1.90.Final.jar;C:\Users\Raja BEN BOURCH\.m2\repository\io\netty\netty-transport\4.1.90.Final\netty-transport-4.1.90.Final.jar;C:\Users\Raja BEN BOURCH\.m2\repository\io\netty\netty-codec\4.1.90.Final\netty-codec-4.1.90.Final.jar;C:\Users\Raja BEN BOURCH\.m2\repository\io\netty\netty-handler\4.1.90.Final\netty-handler-4.1.90.Final.jar;C:\Users\Raja BEN BOURCH\.m2\repository\io\netty\netty-codec-http2\4.1.90.Final\netty-codec-http2-4.1.90.Final.jar;C:\Users\Raja BEN BOURCH\.m2\repository\io\netty\netty-resolver-dns\4.1.90.Final\netty-resolver-dns-4.1.90.Final.jar;C:\Users\Raja BEN BOURCH\.m2\repository\io\netty\netty-resolver\4.1.90.Final\netty-resolver-4.1.90.Final.jar;C:\Users\Raja BEN BOURCH\.m2\repository\io\netty\netty-codec-dns\4.1.90.Final\netty-codec-dns-4.1.90.Final.jar;C:\Users\Raja BEN BOURCH\.m2\repository\io\netty\netty-resolver-dns-native-macos\4.1.90.Final\netty-resolver-dns-native-macos-4.1.90.Final-osx-x86_64.jar;C:\Users\Raja BEN BOURCH\.m2\repository\io\netty\netty-resolver-dns-classes-macos\4.1.90.Final\netty-resolver-dns-classes-macos-4.1.90.Final.jar;C:\Users\Raja BEN BOURCH\.m2\repository\io\netty\netty-transport-native-epoll\4.1.90.Final\netty-transport-native-epoll-4.1.90.Final-linux-x86_64.jar;C:\Users\Raja BEN BOURCH\.m2\repository\io\netty\netty-transport-native-unix-common\4.1.90.Final\netty-transport-native-unix-common-4.1.90.Final.jar;C:\Users\Raja BEN BOURCH\.m2\repository\io\netty\netty-transport-classes-epoll\4.1.90.Final\netty-transport-classes-epoll-4.1.90.Final.jar;C:\Users\Raja BEN BOURCH\.m2\repository\io\projectreactor\netty\reactor-netty-core\1.1.5\reactor-netty-core-1.1.5.jar;C:\Users\Raja BEN BOURCH\.m2\repository\io\netty\netty-handler-proxy\4.1.90.Final\netty-handler-proxy-4.1.90.Final.jar;C:\Users\Raja BEN BOURCH\.m2\repository\io\netty\netty-codec-socks\4.1.90.Final\netty-codec-socks-4.1.90.Final.jar;C:\Users\Raja BEN BOURCH\.m2\repository\org\springframework\spring-web\6.0.7\spring-web-6.0.7.jar;C:\Users\Raja BEN BOURCH\.m2\repository\io\micrometer\micrometer-observation\1.10.5\micrometer-observation-1.10.5.jar;C:\Users\Raja BEN BOURCH\.m2\repository\io\micrometer\micrometer-commons\1.10.5\micrometer-commons-1.10.5.jar;C:\Users\Raja BEN BOURCH\.m2\repository\org\springframework\spring-webflux\6.0.7\spring-webflux-6.0.7.jar;C:\Users\Raja BEN BOURCH\.m2\repository\org\modelmapper\modelmapper\3.1.1\modelmapper-3.1.1.jar;C:\Users\Raja BEN BOURCH\.m2\repository\jakarta\validation\jakarta.validation-api\2.0.2\jakarta.validation-api-2.0.2.jar;C:\Users\Raja BEN BOURCH\.m2\repository\org\postgresql\postgresql\42.5.4\postgresql-42.5.4.jar;C:\Users\Raja BEN BOURCH\.m2\repository\org\checkerframework\checker-qual\3.5.0\checker-qual-3.5.0.jar;C:\Users\Raja BEN BOURCH\.m2\repository\org\projectlombok\lombok\1.18.26\lombok-1.18.26.jar;C:\Users\Raja BEN BOURCH\.m2\repository\com\jayway\jsonpath\json-path\2.7.0\json-path-2.7.0.jar;C:\Users\Raja BEN BOURCH\.m2\repository\net\minidev\json-smart\2.4.10\json-smart-2.4.10.jar;C:\Users\Raja BEN BOURCH\.m2\repository\net\minidev\accessors-smart\2.4.9\accessors-smart-2.4.9.jar;C:\Users\Raja BEN BOURCH\.m2\repository\org\ow2\asm\asm\9.3\asm-9.3.jar;C:\Users\Raja BEN BOURCH\.m2\repository\jakarta\xml\bind\jakarta.xml.bind-api\4.0.0\jakarta.xml.bind-api-4.0.0.jar;C:\Users\Raja BEN BOURCH\.m2\repository\jakarta\activation\jakarta.activation-api\2.1.1\jakarta.activation-api-2.1.1.jar;C:\Users\Raja BEN BOURCH\.m2\repository\org\springframework\spring-core\6.0.7\spring-core-6.0.7.jar;C:\Users\Raja BEN BOURCH\.m2\repository\org\springframework\spring-jcl\6.0.7\spring-jcl-6.0.7.jar;C:\Users\Raja BEN BOURCH\.m2\repository\io\projectreactor\reactor-core\3.5.4\reactor-core-3.5.4.jar;C:\Users\Raja BEN BOURCH\.m2\repository\org\reactivestreams\reactive-streams\1.0.4\reactive-streams-1.0.4.jar
Launcher Type: SUN_STANDARD

[Global flags]
     intx CICompilerCount                          = 3                                         {product} {ergonomic}
     uint ConcGCThreads                            = 1                                         {product} {ergonomic}
     uint G1ConcRefinementThreads                  = 4                                         {product} {ergonomic}
   size_t G1HeapRegionSize                         = 1048576                                   {product} {ergonomic}
    uintx GCDrainStackTargetSize                   = 64                                        {product} {ergonomic}
   size_t InitialHeapSize                          = 132120576                                 {product} {ergonomic}
     bool ManagementServer                         = true                                      {product} {command line}
   size_t MarkStackSize                            = 4194304                                   {product} {ergonomic}
   size_t MaxHeapSize                              = 2095054848                                {product} {ergonomic}
   size_t MinHeapDeltaBytes                        = 1048576                                   {product} {ergonomic}
   size_t MinHeapSize                              = 8388608                                   {product} {ergonomic}
    uintx NonProfiledCodeHeapSize                  = 0                                      {pd product} {ergonomic}
     bool ProfileInterpreter                       = false                                  {pd product} {command line}
    uintx ProfiledCodeHeapSize                     = 0                                      {pd product} {ergonomic}
   size_t SoftMaxHeapSize                          = 2095054848                             {manageable} {ergonomic}
     intx TieredStopAtLevel                        = 1                                         {product} {command line}
     bool UseCompressedClassPointers               = true                           {product lp64_product} {ergonomic}
     bool UseCompressedOops                        = true                           {product lp64_product} {ergonomic}
     bool UseG1GC                                  = true                                      {product} {ergonomic}
     bool UseLargePagesIndividualAllocation        = false                                  {pd product} {ergonomic}

Logging:
Log output configuration:
 #0: stdout all=warning uptime,level,tags foldmultilines=false
 #1: stderr all=off uptime,level,tags foldmultilines=false

Environment Variables:
JAVA_HOME=C:\Program Files\Java\jdk-11.0.16
PATH=C:\Oraclec19\bin;C:\Oracle\bin;C:\oraclexe\app\oracle\product\11.2.0\server\bin;C:\Program Files (x86)\Common Files\Oracle\Java\javapath;C:\Program Files\Common Files\Oracle\Java\javapath;C:\ProgramData\Oracle\Java\javapath;C:\WINDOWS\system32;C:\WINDOWS;C:\WINDOWS\System32\Wbem;C:\WINDOWS\System32\WindowsPowerShell\v1.0\;C:\Program Files\7-Zip;C:\Users\Raja BEN BOURCH\AppData\Local\Programs\Python\Python310;C:\Users\Raja BEN BOURCH\AppData\Local\Programs\Python\Python310\Scripts;C:\WINDOWS\System32\OpenSSH\;C:\Program Files\OpenSSL-Win64;C:\Program Files\nodejs\;C:\Program Files\MongoDB\Server\5.0\bin;C:\Program Files\Git\cmd;C:\Program Files\Java\jdk-11.0.16;C:\Program Files\MongoDB\Server\6.0\bin;C:\Users\Raja BEN BOURCH\AppData\Local\Microsoft\WindowsApps;C:\Users\Raja BEN BOURCH\AppData\Local\Programs\Microsoft VS Code\bin;C:\Program Files\OpenSSL-Win64\bin;C:\Users\Raja BEN BOURCH\AppData\Roaming\npm;C:\Program Files\JetBrains\IntelliJ IDEA 2022.3.3\bin;
USERNAME=Raja BEN BOURCH
OS=Windows_NT
PROCESSOR_IDENTIFIER=Intel64 Family 6 Model 126 Stepping 5, GenuineIntel



---------------  S Y S T E M  ---------------

OS:
 Windows 10 , 64 bit Build 19041 (10.0.19041.2913)
OS uptime: 12 days 16:14 hours
Hyper-V role detected

CPU: total 4 (initial active 4) (2 cores per cpu, 2 threads per core) family 6 model 126 stepping 5 microcode 0x78, cx8, cmov, fxsr, ht, mmx, 3dnowpref, sse, sse2, sse3, ssse3, sse4.1, sse4.2, popcnt, lzcnt, tsc, tscinvbit, avx, avx2, aes, erms, clmul, bmi1, bmi2, adx, avx512f, avx512dq, avx512cd, avx512bw, avx512vl, sha, fma, vzeroupper, avx512_vpopcntdq, avx512_vpclmulqdq, avx512_vaes, avx512_vnni, clflush, clflushopt, avx512_vbmi2, avx512_vbmi, hv

Memory: 4k page, system-wide physical 7987M (340M free)
TotalPageFile size 25867M (AvailPageFile size 73M)
current process WorkingSet (physical memory assigned to process): 10M, peak: 10M
current process commit charge ("private bytes"): 47M, peak: 173M

vm_info: Java HotSpot(TM) 64-Bit Server VM (18.0.1.1+2-6) for windows-amd64 JRE (18.0.1.1+2-6), built on Apr 25 2022 21:53:15 by "mach5one" with MS VC++ 16.8 / 16.9 (VS2019)

END.
